Info: Starting: Create block symbol file (.bsf)
Info: qsys-generate C:\FPGA-ELM-Linux-Driver\src\HDL.qsys --block-symbol-file --output-directory=C:\FPGA-ELM-Linux-Driver\src\HDL --family="Cyclone V" --part=5CSEMA5F31C6
Progress: Loading src/HDL.qsys
Progress: Reading input file
Progress: Adding clk_0 [clock_source 23.1]
Progress: Parameterizing module clk_0
Progress: Adding hps_0 [altera_hps 23.1]
Progress: Parameterizing module hps_0
Progress: Adding pio_data_in [altera_avalon_pio 23.1]
Progress: Parameterizing module pio_data_in
Progress: Adding pio_data_out [altera_avalon_pio 23.1]
Progress: Parameterizing module pio_data_out
Progress: Adding pio_signals [altera_avalon_pio 23.1]
Progress: Parameterizing module pio_signals
Progress: Building connections
Progress: Parameterizing connections
Progress: Validating
Progress: Done reading input file
Info: HDL.hps_0: HPS Main PLL counter settings: n = 0  m = 73
Info: HDL.hps_0: HPS peripherial PLL counter settings: n = 0  m = 39
Warning: HDL.hps_0: "Configuration/HPS-to-FPGA user 0 clock frequency" (desired_cfg_clk_mhz) requested 100.0 MHz, but only achieved 97.368421 MHz
Warning: HDL.hps_0: 1 or more output clock frequencies cannot be achieved precisely, consider revising desired output clock frequencies.
Warning: HDL.hps_0: ODT is disabled. Enabling ODT (Mode Register 1) may improve signal integrity
Warning: HDL.hps_0: set_interface_assignment: Interface "hps_io" does not exist
Info: HDL.pio_data_out: PIO inputs are not hardwired in test bench. Undefined values will be read from PIO inputs during simulation.
Warning: HDL.hps_0: hps_0.h2f_mpu_events must be exported, or connected to a matching conduit.
Info: qsys-generate succeeded.
Info: Finished: Create block symbol file (.bsf)
Info: 
Info: Starting: Create HDL design files for synthesis
Info: qsys-generate C:\FPGA-ELM-Linux-Driver\src\HDL.qsys --synthesis=VERILOG --output-directory=C:\FPGA-ELM-Linux-Driver\src\HDL\synthesis --family="Cyclone V" --part=5CSEMA5F31C6
Progress: Loading src/HDL.qsys
Progress: Reading input file
Progress: Adding clk_0 [clock_source 23.1]
Progress: Parameterizing module clk_0
Progress: Adding hps_0 [altera_hps 23.1]
Progress: Parameterizing module hps_0
Progress: Adding pio_data_in [altera_avalon_pio 23.1]
Progress: Parameterizing module pio_data_in
Progress: Adding pio_data_out [altera_avalon_pio 23.1]
Progress: Parameterizing module pio_data_out
Progress: Adding pio_signals [altera_avalon_pio 23.1]
Progress: Parameterizing module pio_signals
Progress: Building connections
Progress: Parameterizing connections
Progress: Validating
Progress: Done reading input file
Info: HDL.hps_0: HPS Main PLL counter settings: n = 0  m = 73
Info: HDL.hps_0: HPS peripherial PLL counter settings: n = 0  m = 39
Warning: HDL.hps_0: "Configuration/HPS-to-FPGA user 0 clock frequency" (desired_cfg_clk_mhz) requested 100.0 MHz, but only achieved 97.368421 MHz
Warning: HDL.hps_0: 1 or more output clock frequencies cannot be achieved precisely, consider revising desired output clock frequencies.
Warning: HDL.hps_0: ODT is disabled. Enabling ODT (Mode Register 1) may improve signal integrity
Warning: HDL.hps_0: set_interface_assignment: Interface "hps_io" does not exist
Info: HDL.pio_data_out: PIO inputs are not hardwired in test bench. Undefined values will be read from PIO inputs during simulation.
Warning: HDL.hps_0: hps_0.h2f_mpu_events must be exported, or connected to a matching conduit.
Info: HDL: Generating HDL "HDL" for QUARTUS_SYNTH
Info: hps_0: "Running  for module: hps_0"
Info: hps_0: HPS Main PLL counter settings: n = 0  m = 73
Info: hps_0: HPS peripherial PLL counter settings: n = 0  m = 39
Warning: hps_0: "Configuration/HPS-to-FPGA user 0 clock frequency" (desired_cfg_clk_mhz) requested 100.0 MHz, but only achieved 97.368421 MHz
Warning: hps_0: 1 or more output clock frequencies cannot be achieved precisely, consider revising desired output clock frequencies.
Warning: hps_0: ODT is disabled. Enabling ODT (Mode Register 1) may improve signal integrity
Warning: hps_0: set_interface_assignment: Interface "hps_io" does not exist
Info: hps_0: "HDL" instantiated altera_hps "hps_0"
Info: pio_data_in: Starting RTL generation for module 'HDL_pio_data_in'
Info: pio_data_in:   Generation command is [exec C:/intelfpga_lite/23.1std/quartus/bin64/perl/bin/perl.exe -I C:/intelfpga_lite/23.1std/quartus/bin64/perl/lib -I C:/intelfpga_lite/23.1std/quartus/sopc_builder/bin/europa -I C:/intelfpga_lite/23.1std/quartus/sopc_builder/bin -I C:/intelfpga_lite/23.1std/quartus/../ip/altera/sopc_builder_ip/common -I C:/intelfpga_lite/23.1std/quartus/../ip/altera/sopc_builder_ip/altera_avalon_pio -- C:/intelfpga_lite/23.1std/quartus/../ip/altera/sopc_builder_ip/altera_avalon_pio/generate_rtl.pl --name=HDL_pio_data_in --dir=C:/Users/Kiara/AppData/Local/Temp/alt0585_1358415554980318881.dir/0002_pio_data_in_gen/ --quartus_dir=C:/intelfpga_lite/23.1std/quartus --verilog --config=C:/Users/Kiara/AppData/Local/Temp/alt0585_1358415554980318881.dir/0002_pio_data_in_gen//HDL_pio_data_in_component_configuration.pl  --do_build_sim=0  ]
Info: pio_data_in: Done RTL generation for module 'HDL_pio_data_in'
Info: pio_data_in: "HDL" instantiated altera_avalon_pio "pio_data_in"
Info: pio_data_out: Starting RTL generation for module 'HDL_pio_data_out'
Info: pio_data_out:   Generation command is [exec C:/intelfpga_lite/23.1std/quartus/bin64/perl/bin/perl.exe -I C:/intelfpga_lite/23.1std/quartus/bin64/perl/lib -I C:/intelfpga_lite/23.1std/quartus/sopc_builder/bin/europa -I C:/intelfpga_lite/23.1std/quartus/sopc_builder/bin -I C:/intelfpga_lite/23.1std/quartus/../ip/altera/sopc_builder_ip/common -I C:/intelfpga_lite/23.1std/quartus/../ip/altera/sopc_builder_ip/altera_avalon_pio -- C:/intelfpga_lite/23.1std/quartus/../ip/altera/sopc_builder_ip/altera_avalon_pio/generate_rtl.pl --name=HDL_pio_data_out --dir=C:/Users/Kiara/AppData/Local/Temp/alt0585_1358415554980318881.dir/0003_pio_data_out_gen/ --quartus_dir=C:/intelfpga_lite/23.1std/quartus --verilog --config=C:/Users/Kiara/AppData/Local/Temp/alt0585_1358415554980318881.dir/0003_pio_data_out_gen//HDL_pio_data_out_component_configuration.pl  --do_build_sim=0  ]
Info: pio_data_out: Done RTL generation for module 'HDL_pio_data_out'
Info: pio_data_out: "HDL" instantiated altera_avalon_pio "pio_data_out"
Info: pio_signals: Starting RTL generation for module 'HDL_pio_signals'
Info: pio_signals:   Generation command is [exec C:/intelfpga_lite/23.1std/quartus/bin64/perl/bin/perl.exe -I C:/intelfpga_lite/23.1std/quartus/bin64/perl/lib -I C:/intelfpga_lite/23.1std/quartus/sopc_builder/bin/europa -I C:/intelfpga_lite/23.1std/quartus/sopc_builder/bin -I C:/intelfpga_lite/23.1std/quartus/../ip/altera/sopc_builder_ip/common -I C:/intelfpga_lite/23.1std/quartus/../ip/altera/sopc_builder_ip/altera_avalon_pio -- C:/intelfpga_lite/23.1std/quartus/../ip/altera/sopc_builder_ip/altera_avalon_pio/generate_rtl.pl --name=HDL_pio_signals --dir=C:/Users/Kiara/AppData/Local/Temp/alt0585_1358415554980318881.dir/0004_pio_signals_gen/ --quartus_dir=C:/intelfpga_lite/23.1std/quartus --verilog --config=C:/Users/Kiara/AppData/Local/Temp/alt0585_1358415554980318881.dir/0004_pio_signals_gen//HDL_pio_signals_component_configuration.pl  --do_build_sim=0  ]
Info: pio_signals: Done RTL generation for module 'HDL_pio_signals'
Info: pio_signals: "HDL" instantiated altera_avalon_pio "pio_signals"
Info: avalon_st_adapter: Inserting error_adapter: error_adapter_0
Info: avalon_st_adapter_001: Inserting error_adapter: error_adapter_0
Info: avalon_st_adapter_002: Inserting error_adapter: error_adapter_0
Info: mm_interconnect_0: "HDL" instantiated altera_mm_interconnect "mm_interconnect_0"
Info: rst_controller: "HDL" instantiated altera_reset_controller "rst_controller"
Info: fpga_interfaces: "hps_0" instantiated altera_interface_generator "fpga_interfaces"
Info: hps_io: "hps_0" instantiated altera_hps_io "hps_io"
Info: pio_data_in_s1_translator: "mm_interconnect_0" instantiated altera_merlin_slave_translator "pio_data_in_s1_translator"
Info: hps_0_h2f_axi_master_agent: "mm_interconnect_0" instantiated altera_merlin_axi_master_ni "hps_0_h2f_axi_master_agent"
Info: pio_data_in_s1_agent: "mm_interconnect_0" instantiated altera_merlin_slave_agent "pio_data_in_s1_agent"
Info: pio_data_in_s1_agent_rsp_fifo: "mm_interconnect_0" instantiated altera_avalon_sc_fifo "pio_data_in_s1_agent_rsp_fifo"
Info: router: "mm_interconnect_0" instantiated altera_merlin_router "router"
Info: router_002: "mm_interconnect_0" instantiated altera_merlin_router "router_002"
Info: hps_0_h2f_axi_master_wr_limiter: "mm_interconnect_0" instantiated altera_merlin_traffic_limiter "hps_0_h2f_axi_master_wr_limiter"
Info: Reusing file C:/FPGA-ELM-Linux-Driver/src/HDL/synthesis/submodules/altera_avalon_sc_fifo.v
Info: pio_data_in_s1_burst_adapter: "mm_interconnect_0" instantiated altera_merlin_burst_adapter "pio_data_in_s1_burst_adapter"
Info: Reusing file C:/FPGA-ELM-Linux-Driver/src/HDL/synthesis/submodules/altera_merlin_address_alignment.sv
Info: Reusing file C:/FPGA-ELM-Linux-Driver/src/HDL/synthesis/submodules/altera_avalon_st_pipeline_base.v
Info: cmd_demux: "mm_interconnect_0" instantiated altera_merlin_demultiplexer "cmd_demux"
Info: cmd_mux: "mm_interconnect_0" instantiated altera_merlin_multiplexer "cmd_mux"
Info: rsp_demux: "mm_interconnect_0" instantiated altera_merlin_demultiplexer "rsp_demux"
Info: rsp_mux: "mm_interconnect_0" instantiated altera_merlin_multiplexer "rsp_mux"
Info: Reusing file C:/FPGA-ELM-Linux-Driver/src/HDL/synthesis/submodules/altera_merlin_arbitrator.sv
Info: pio_data_in_s1_rsp_width_adapter: "mm_interconnect_0" instantiated altera_merlin_width_adapter "pio_data_in_s1_rsp_width_adapter"
Info: Reusing file C:/FPGA-ELM-Linux-Driver/src/HDL/synthesis/submodules/altera_merlin_address_alignment.sv
Info: Reusing file C:/FPGA-ELM-Linux-Driver/src/HDL/synthesis/submodules/altera_merlin_burst_uncompressor.sv
Info: avalon_st_adapter: "mm_interconnect_0" instantiated altera_avalon_st_adapter "avalon_st_adapter"
Error: border: Error during execution of script generate_hps_sdram.tcl: seq: Error during execution of "{C:/intelfpga_lite/23.1std/quartus/../nios2eds/Nios II Command Shell.bat} make all 2>> stderr.txt": child process exited abnormally
Error: border: Error during execution of script generate_hps_sdram.tcl: seq: Execution of command "{C:/intelfpga_lite/23.1std/quartus/../nios2eds/Nios II Command Shell.bat} make all 2>> stderr.txt" failed
Error: border: Error during execution of script generate_hps_sdram.tcl: seq: Nios II Command Shell.bat requires Windows Subsystem for Linux (WSL) to run.
Error: border: Error during execution of script generate_hps_sdram.tcl: seq: Please install WSL and try again.
Error: border: Error during execution of script generate_hps_sdram.tcl: seq: child process exited abnormally
Error: border: Error during execution of script generate_hps_sdram.tcl: seq: add_fileset_file: No such file C:/Users/Kiara/AppData/Local/Temp/alt0585_4998171997293825219.dir/0004_seq_gen/hps_AC_ROM.hex
Error: border: Error during execution of script generate_hps_sdram.tcl: Generation stopped, 3 or more modules remaining
Error: border: Execution of script generate_hps_sdram.tcl failed
Error: border: 2026.05.12.17:52:36 Info:
Error: border: ********************************************************************************************************************
Error: border: 
Error: border: Use qsys-generate for a simpler command-line interface for generating IP.
Error: border: 
Error: border: Run ip-generate with switch --remove-qsys-generate-warning to prevent this notice from appearing in subsequent runs.
Error: border: 
Error: border: ********************************************************************************************************************
Error: border: 2026.05.12.17:52:43 Warning: Ignored parameter assignment device=5CSEMA5F31C6
Error: border: 2026.05.12.17:52:43 Warning: Ignored parameter assignment extended_family_support=true
Error: border: 2026.05.12.17:52:51 Warning: hps_sdram: ODT is disabled. Enabling ODT (Mode Register 1) may improve signal integrity
Error: border: 2026.05.12.17:52:51 Warning: hps_sdram: 'Quick' simulation modes are NOT timing accurate. Some simulation memory models may issue warnings or errors
Error: border: 2026.05.12.17:52:51 Warning: hps_sdram.seq: This module has no ports or interfaces
Error: border: 2026.05.12.17:52:51 Warning: hps_sdram.c0: ODT is disabled. Enabling ODT (Mode Register 1) may improve signal integrity
Error: border: 2026.05.12.17:52:51 Warning: hps_sdram.p0: p0.scc must be exported, or connected to a matching conduit.
Error: border: 2026.05.12.17:52:51 Warning: hps_sdram.as: as.afi_init_cal_req must be exported, or connected to a matching conduit.
Error: border: 2026.05.12.17:52:51 Warning: hps_sdram.as: as.tracking must be exported, or connected to a matching conduit.
Error: border: 2026.05.12.17:52:51 Warning: hps_sdram.c0: c0.status must be exported, or connected to a matching conduit.
Error: border: 2026.05.12.17:52:51 Warning: hps_sdram.p0: p0.avl must be connected to an Avalon-MM master
Error: border: 2026.05.12.17:52:51 Info: hps_sdram: Generating altera_mem_if_hps_emif "hps_sdram" for QUARTUS_SYNTH
Error: border: 2026.05.12.17:52:56 Info: pll: "hps_sdram" instantiated altera_mem_if_hps_pll "pll"
Error: border: 2026.05.12.17:52:56 Info: p0: Generating clock pair generator
Error: border: 2026.05.12.17:52:58 Info: p0: Generating hps_sdram_p0_altdqdqs
Error: border: 2026.05.12.17:53:11 Info: p0:
Error: border: 2026.05.12.17:53:11 Info: p0: *****************************
Error: border: 2026.05.12.17:53:11 Info: p0:
Error: border: 2026.05.12.17:53:11 Info: p0: Remember to run the hps_sdram_p0_pin_assignments.tcl
Error: border: 2026.05.12.17:53:11 Info: p0: script after running Synthesis and before Fitting.
Error: border: 2026.05.12.17:53:11 Info: p0:
Error: border: 2026.05.12.17:53:11 Info: p0: *****************************
Error: border: 2026.05.12.17:53:11 Info: p0:
Error: border: 2026.05.12.17:53:11 Info: p0: "hps_sdram" instantiated altera_mem_if_ddr3_hard_phy_core "p0"
Error: border: 2026.05.12.17:53:12 Error: seq: Error during execution of "{C:/intelfpga_lite/23.1std/quartus/../nios2eds/Nios II Command Shell.bat} make all 2>> stderr.txt": child process exited abnormally
Error: border: 2026.05.12.17:53:12 Error: seq: Execution of command "{C:/intelfpga_lite/23.1std/quartus/../nios2eds/Nios II Command Shell.bat} make all 2>> stderr.txt" failed
Error: border: 2026.05.12.17:53:12 Error: seq: Nios II Command Shell.bat requires Windows Subsystem for Linux (WSL) to run.
Error: border: 2026.05.12.17:53:12 Error: seq: Please install WSL and try again.
Error: border: 2026.05.12.17:53:12 Error: seq: child process exited abnormally
Error: border: 2026.05.12.17:53:12 Error: seq: add_fileset_file: No such file C:/Users/Kiara/AppData/Local/Temp/alt0585_4998171997293825219.dir/0004_seq_gen/hps_AC_ROM.hex
Error: border: while executing
Error: border: "add_fileset_file $file_name [::alt_mem_if::util::hwtcl_utils::get_file_type $file_name 0] PATH $file_pathname"
Error: border: ("foreach" body line 4)
Error: border: invoked from within
Error: border: "foreach file_pathname $return_files_sw {
Error: border: 		_dprint 1 "Preparing to add $file_pathname"
Error: border: 		set file_name [file tail $file_pathname]
Error: border: 		add_fileset_file $..."
Error: border: (procedure "generate_sw" line 18)
Error: border: invoked from within
Error: border: "generate_sw $name $fileset"
Error: border: ("if" then script line 4)
Error: border: invoked from within
Error: border: "if {[string compare -nocase $fileset QUARTUS_SYNTH] == 0} {
Error: border: 		set top_level_file "altera_mem_if_hhp_qseq_synth_top.v"
Error: border: 		add_fileset_file $top_level_fi..."
Error: border: (procedure "generate_files" line 4)
Error: border: invoked from within
Error: border: "generate_files $name QUARTUS_SYNTH"
Error: border: (procedure "generate_synth" line 3)
Error: border: invoked from within
Error: border: "generate_synth altera_mem_if_hhp_qseq_synth_top"
Error: border: 2026.05.12.17:53:12 Info: seq: "hps_sdram" instantiated altera_mem_if_hhp_ddr3_qseq "seq"
Error: border: 2026.05.12.17:53:12 Error: Generation stopped, 3 or more modules remaining
Error: border: 2026.05.12.17:53:12 Info: hps_sdram: Done "hps_sdram" with 7 modules, 33 files
Info: border: "hps_io" instantiated altera_interface_generator "border"
Error: Generation stopped, 1 or more modules remaining
Info: HDL: Done "HDL" with 25 modules, 73 files
Error: qsys-generate failed with exit code 1: 72 Errors, 9 Warnings
Info: Finished: Create HDL design files for synthesis
